TN:
SF:cli/reset.js
FNF:0
FNH:0
DA:1,1
DA:2,1
DA:3,1
DA:4,1
DA:5,1
DA:6,1
DA:7,1
DA:8,1
DA:9,1
DA:10,1
DA:11,1
DA:12,1
DA:13,1
DA:14,1
LF:14
LH:14
BRDA:1,0,0,1
BRF:1
BRH:1
end_of_record
TN:
SF:server/app.js
FNF:0
FNH:0
DA:1,1
DA:2,1
DA:3,1
DA:4,1
DA:5,1
DA:6,1
DA:7,1
DA:8,1
DA:9,1
DA:10,1
DA:11,1
DA:12,1
DA:13,1
DA:14,1
DA:15,1
DA:16,1
DA:17,1
DA:18,1
DA:19,1
DA:20,1
DA:21,1
DA:22,1
DA:23,1
DA:24,1
DA:25,1
DA:26,1
DA:27,1
DA:28,1
DA:29,1
DA:30,1
DA:31,1
DA:32,1
DA:33,1
DA:34,1
DA:35,1
DA:36,0
DA:37,1
DA:38,1
DA:39,1
DA:40,1
DA:41,1
DA:42,1
DA:43,1
DA:44,1
DA:45,1
DA:46,1
DA:47,1
LF:47
LH:46
BRDA:1,0,0,1
BRDA:16,1,0,1
BRF:2
BRH:2
end_of_record
TN:
SF:server/lib/name.js
FN:1,name
FNF:1
FNH:1
FNDA:4,name
DA:1,4
DA:2,4
DA:3,2
DA:4,2
DA:5,4
DA:6,4
DA:7,1
DA:8,1
LF:8
LH:8
BRDA:1,0,0,1
BRDA:1,1,0,4
BRDA:2,2,0,2
BRF:3
BRH:3
end_of_record
TN:
SF:server/lib/sse-stream.js
FN:4,SSEStream
FN:12,keepAlive
FN:16,_transform
FNF:3
FNH:3
FNDA:1,SSEStream
FNDA:1,keepAlive
FNDA:1,_transform
DA:1,1
DA:2,1
DA:3,1
DA:4,1
DA:5,1
DA:6,1
DA:7,1
DA:8,1
DA:9,1
DA:10,1
DA:11,1
DA:12,1
DA:13,1
DA:14,1
DA:15,1
DA:16,1
DA:17,1
DA:18,1
DA:19,1
DA:20,1
DA:21,1
DA:22,1
LF:22
LH:22
BRDA:1,0,0,1
BRDA:4,1,0,1
BRDA:12,2,0,1
BRDA:16,3,0,1
BRF:4
BRH:4
end_of_record
TN:
SF:server/middleware/sse.js
FN:19,middleware
FN:41,listener
FN:47,close
FNF:3
FNH:3
FNDA:1,middleware
FNDA:1,listener
FNDA:1,close
DA:1,1
DA:2,1
DA:3,1
DA:4,1
DA:5,1
DA:6,1
DA:7,1
DA:8,1
DA:9,0
DA:10,0
DA:11,0
DA:12,0
DA:13,1
DA:14,1
DA:15,1
DA:16,1
DA:17,1
DA:18,1
DA:19,1
DA:20,1
DA:21,1
DA:22,0
DA:23,0
DA:24,0
DA:25,0
DA:26,1
DA:27,1
DA:28,1
DA:29,1
DA:30,1
DA:31,1
DA:32,1
DA:33,1
DA:34,1
DA:35,1
DA:36,1
DA:37,1
DA:38,1
DA:39,1
DA:40,1
DA:41,1
DA:42,1
DA:43,1
DA:44,1
DA:45,1
DA:46,1
DA:47,1
DA:48,1
DA:49,1
DA:50,1
DA:51,1
DA:52,1
DA:53,1
DA:54,1
DA:55,1
DA:56,1
DA:57,1
DA:58,1
DA:59,1
DA:60,1
DA:61,1
DA:62,1
DA:63,1
DA:64,1
DA:65,1
DA:66,1
DA:67,1
LF:67
LH:59
BRDA:1,0,0,1
BRDA:15,1,0,1
BRDA:19,2,0,1
BRDA:20,3,0,1
BRDA:21,4,0,0
BRDA:41,5,0,1
BRDA:47,6,0,1
BRF:7
BRH:6
end_of_record
TN:
SF:server/routes/_example.js
FN:10,_emit
FN:20,_clear
FNF:2
FNH:2
FNDA:3,_emit
FNDA:1,_clear
DA:1,1
DA:2,1
DA:3,1
DA:4,1
DA:5,1
DA:6,1
DA:7,1
DA:8,1
DA:9,1
DA:10,3
DA:11,3
DA:12,3
DA:13,3
DA:14,3
DA:15,3
DA:16,3
DA:17,3
DA:18,1
DA:19,1
DA:20,1
DA:21,1
DA:22,1
DA:23,1
DA:24,1
DA:25,1
DA:26,1
DA:27,1
DA:28,1
DA:29,1
DA:30,1
DA:31,1
LF:31
LH:31
BRDA:1,0,0,1
BRDA:10,1,0,3
BRDA:13,2,0,2
BRDA:13,3,0,0
BRDA:20,4,0,1
BRF:5
BRH:4
end_of_record
TN:
SF:server/routes/routes.js
FN:11,importFilesGenerator
FNF:1
FNH:1
FNDA:1,importFilesGenerator
DA:1,1
DA:2,1
DA:3,1
DA:4,1
DA:5,1
DA:6,1
DA:7,1
DA:8,1
DA:9,1
DA:10,1
DA:11,1
DA:12,1
DA:13,1
DA:14,1
DA:15,1
DA:16,1
DA:17,1
DA:18,1
DA:19,1
DA:20,1
DA:21,1
DA:22,1
LF:22
LH:22
BRDA:1,0,0,1
BRDA:9,1,0,2
BRDA:9,2,0,1
BRDA:11,3,0,1
BRF:4
BRH:4
end_of_record
